<?xml version="1.0" encoding="UTF-8"?>
<!-- Generated by org.testng.reporters.JUnitReportReporter -->
<testsuite hostname="Lakshmikanth_HP" failures="0" tests="1" name="testsOfEcom.loginTest" time="1.979" errors="0" timestamp="2024-04-17T22:12:44 IST" skipped="0">
  <testcase classname="testsOfEcom.loginTest" name="verifyLoginIsSuccess" time="1.979"/>
</testsuite> <!-- testsOfEcom.loginTest -->
