<?xml version="1.0" encoding="UTF-8"?>
<!-- Generated by org.testng.reporters.JUnitReportReporter -->
<testsuite hostname="Lakshmikanth_HP" failures="0" tests="1" name="testsOfEcom.placeOrderTest" time="0.168" errors="0" timestamp="2024-04-15T22:48:47 IST" skipped="0">
  <testcase classname="testsOfEcom.placeOrderTest" name="verifyPlaceOrder" time="0.168"/>
</testsuite> <!-- testsOfEcom.placeOrderTest -->
